********************************************************************************
DUPLICATOR-LITE PACKAGE-LOG: March 11, 2018 1:04 pm
NOTICE: Do NOT post to public sites or forums 
********************************************************************************
VERSION:	1.2.34
WORDPRESS:	4.2.19
PHP INFO:	5.3.2 | SAPI: apache2handler
SERVER:		Apache/2.2.15 (Win32) PHP/5.3.2 
PHP TIME LIMIT: (0) no time limit imposed 
PHP MAX MEMORY: 2048M (128M default) 
MEMORY STACK: 22.5MB 

********************************************************************************
DATABASE:
********************************************************************************
BUILD MODE:   MYSQLDUMP
MYSQLTIMEOUT: 5000
MYSQLDUMP:    Is Supported 
FILTERED: [] 
RESPONSE: mysqldump: Got error: 2003: Can't connect to MySQL server on 'localhost' (10061) when trying to connect
 
TABLES: total:12 | filtered:0 | create:12 
SQL CREATED: 20180311_instantwordpress_C8236166141C4381AF6344E234910AE6G_database.sql 
SQL FILE SIZE: 90B (90) 

==================================================================================
DUPLICATOR ERROR
Please try again! If the error persists see the Duplicator 'Help' menu.
---------------------------------------------------------------------------------
MESSAGE:
	SQL file size too low.
DETAILS:
	File does not look complete.  Check permission on file and parent directory at [C:/Users/Anthony/Documents/GitHub/KFW/InstantWP_4.5/iwpserver/htdocs/wordpress/wp-snapshots/tmp/20180311_instantwordpress_C8236166141C4381AF6344E234910AE6G_database.sql]
TRACE:
	 1. class.pack.database.php : Error (94)
	 2. class.pack.php : build (236)
	 3. ctrl.package.php : runBuild (61)
	 4.  : duplicator_package_build ()
	 5. plugin.php : call_user_func_array (496)
	 6. admin-ajax.php : do_action (86)
==================================================================================

